2023-03-21 13:39:54 error: [Kakao] MongoServerError: E11000 duplicate key error collection: be_ready.blog_item index: href_1 dup key: { href: "https://tech.kakao.com/2023/03/02/python-and-rust/" }
2023-03-21 13:39:54 error: [Kakao] MongoServerError: E11000 duplicate key error collection: be_ready.blog_item index: href_1 dup key: { href: "https://tech.kakao.com/2023/02/10/making-of-kubernetes-provisioning-tool/" }
2023-03-21 13:39:54 error: [Kakao] MongoServerError: E11000 duplicate key error collection: be_ready.blog_item index: href_1 dup key: { href: "https://tech.kakao.com/2023/02/01/university-student-mentoring-get-out-from-the-well/" }
2023-03-21 13:39:54 error: [Kakao] MongoServerError: E11000 duplicate key error collection: be_ready.blog_item index: href_1 dup key: { href: "https://tech.kakao.com/2023/03/02/python-and-rust/" }
2023-03-21 13:39:54 error: [Kakao] MongoServerError: E11000 duplicate key error collection: be_ready.blog_item index: href_1 dup key: { href: "https://tech.kakao.com/2023/02/10/making-of-kubernetes-provisioning-tool/" }
2023-03-21 13:39:54 error: [Kakao] MongoServerError: E11000 duplicate key error collection: be_ready.blog_item index: href_1 dup key: { href: "https://tech.kakao.com/2023/02/01/university-student-mentoring-get-out-from-the-well/" }
2023-03-21 13:39:54 error: [Kakao] MongoServerError: E11000 duplicate key error collection: be_ready.blog_item index: href_1 dup key: { href: "https://tech.kakao.com/2023/01/25/2023-kakao-recruitment-round-2/" }
2023-03-21 13:39:54 error: [Kakao] MongoServerError: E11000 duplicate key error collection: be_ready.blog_item index: href_1 dup key: { href: "https://tech.kakao.com/2023/01/25/2023-kakao-recruitment-round-1/" }
2023-03-21 13:39:54 error: [Kakao] MongoServerError: E11000 duplicate key error collection: be_ready.blog_item index: href_1 dup key: { href: "https://tech.kakao.com/2023/01/19/kakaotalk-java-app-server-refactoring/" }
2023-03-21 13:39:54 error: [Kakao] MongoServerError: E11000 duplicate key error collection: be_ready.blog_item index: href_1 dup key: { href: "https://tech.kakao.com/2023/01/19/social-login/" }
2023-03-21 13:39:54 error: [Kakao] MongoServerError: E11000 duplicate key error collection: be_ready.blog_item index: href_1 dup key: { href: "https://tech.kakao.com/2023/01/12/introduce-kafka-sink-connector/" }
2023-03-21 13:39:54 error: Failed to launch the browser process!
/home/ec2-user/.cache/puppeteer/chrome/linux-1095492/chrome-linux/chrome: error while loading shared libraries: libatk-1.0.so.0: cannot open shared object file: No such file or directory


TROUBLESHOOTING: https://pptr.dev/troubleshooting

2023-03-21 13:43:12 error: [Kakao] MongoServerError: E11000 duplicate key error collection: be_ready.blog_item index: href_1 dup key: { href: "https://tech.kakao.com/2023/03/02/python-and-rust/" }
2023-03-21 13:43:12 error: [Kakao] MongoServerError: E11000 duplicate key error collection: be_ready.blog_item index: href_1 dup key: { href: "https://tech.kakao.com/2023/02/10/making-of-kubernetes-provisioning-tool/" }
2023-03-21 13:43:12 error: [Kakao] MongoServerError: E11000 duplicate key error collection: be_ready.blog_item index: href_1 dup key: { href: "https://tech.kakao.com/2023/02/01/university-student-mentoring-get-out-from-the-well/" }
2023-03-21 13:43:12 error: [Kakao] MongoServerError: E11000 duplicate key error collection: be_ready.blog_item index: href_1 dup key: { href: "https://tech.kakao.com/2023/03/02/python-and-rust/" }
2023-03-21 13:43:12 error: [Kakao] MongoServerError: E11000 duplicate key error collection: be_ready.blog_item index: href_1 dup key: { href: "https://tech.kakao.com/2023/02/10/making-of-kubernetes-provisioning-tool/" }
2023-03-21 13:43:12 error: [Kakao] MongoServerError: E11000 duplicate key error collection: be_ready.blog_item index: href_1 dup key: { href: "https://tech.kakao.com/2023/02/01/university-student-mentoring-get-out-from-the-well/" }
2023-03-21 13:43:12 error: [Kakao] MongoServerError: E11000 duplicate key error collection: be_ready.blog_item index: href_1 dup key: { href: "https://tech.kakao.com/2023/01/25/2023-kakao-recruitment-round-2/" }
2023-03-21 13:43:12 error: [Kakao] MongoServerError: E11000 duplicate key error collection: be_ready.blog_item index: href_1 dup key: { href: "https://tech.kakao.com/2023/01/25/2023-kakao-recruitment-round-1/" }
2023-03-21 13:43:12 error: [Kakao] MongoServerError: E11000 duplicate key error collection: be_ready.blog_item index: href_1 dup key: { href: "https://tech.kakao.com/2023/01/19/kakaotalk-java-app-server-refactoring/" }
2023-03-21 13:43:12 error: [Kakao] MongoServerError: E11000 duplicate key error collection: be_ready.blog_item index: href_1 dup key: { href: "https://tech.kakao.com/2023/01/19/social-login/" }
2023-03-21 13:43:12 error: [Kakao] MongoServerError: E11000 duplicate key error collection: be_ready.blog_item index: href_1 dup key: { href: "https://tech.kakao.com/2023/01/12/introduce-kafka-sink-connector/" }
2023-03-21 13:43:18 error: [ToastUI] MongoServerError: E11000 duplicate key error collection: be_ready.blog_item index: href_1 dup key: { href: "https://ui.toast.com/posts/ko_chrome_report_202302" }
2023-03-21 13:43:18 error: [ToastUI] MongoServerError: E11000 duplicate key error collection: be_ready.blog_item index: href_1 dup key: { href: "https://ui.toast.com/posts/ko_20230207" }
2023-03-21 13:43:18 error: [ToastUI] MongoServerError: E11000 duplicate key error collection: be_ready.blog_item index: href_1 dup key: { href: "https://ui.toast.com/posts/ko_chrome_report_202301" }
2023-03-21 13:43:18 error: [ToastUI] MongoServerError: E11000 duplicate key error collection: be_ready.blog_item index: href_1 dup key: { href: "https://ui.toast.com/posts/ko_chrome_report_202212" }
2023-03-21 13:43:18 error: [ToastUI] MongoServerError: E11000 duplicate key error collection: be_ready.blog_item index: href_1 dup key: { href: "https://ui.toast.com/posts/ko_chrome_report_202211" }
2023-03-21 13:43:18 error: [ToastUI] MongoServerError: E11000 duplicate key error collection: be_ready.blog_item index: href_1 dup key: { href: "https://ui.toast.com/posts/ko_20221116_4" }
2023-03-21 13:43:18 error: [ToastUI] MongoServerError: E11000 duplicate key error collection: be_ready.blog_item index: href_1 dup key: { href: "https://ui.toast.com/posts/ko_20221116_3" }
2023-03-21 13:43:18 error: [ToastUI] MongoServerError: E11000 duplicate key error collection: be_ready.blog_item index: href_1 dup key: { href: "https://ui.toast.com/posts/ko_20221116_2" }
2023-03-21 13:43:18 error: [ToastUI] MongoServerError: E11000 duplicate key error collection: be_ready.blog_item index: href_1 dup key: { href: "https://ui.toast.com/posts/ko_20221116_1" }
2023-03-21 13:43:18 error: [ToastUI] MongoServerError: E11000 duplicate key error collection: be_ready.blog_item index: href_1 dup key: { href: "https://ui.toast.com/posts/ko_chrome_report_202210" }
2023-03-21 13:43:26 error: [Baemin] MongoServerError: E11000 duplicate key error collection: be_ready.blog_item index: href_1 dup key: { href: "https://techblog.woowahan.com/10774/" }
2023-03-21 13:43:26 error: [Baemin] MongoServerError: E11000 duplicate key error collection: be_ready.blog_item index: href_1 dup key: { href: "https://techblog.woowahan.com/10593/" }
2023-03-21 13:43:26 error: [Baemin] MongoServerError: E11000 duplicate key error collection: be_ready.blog_item index: href_1 dup key: { href: "https://techblog.woowahan.com/10600/" }
2023-03-21 13:43:26 error: [Baemin] MongoServerError: E11000 duplicate key error collection: be_ready.blog_item index: href_1 dup key: { href: "https://techblog.woowahan.com/10567/" }
2023-03-21 13:43:26 error: [Baemin] MongoServerError: E11000 duplicate key error collection: be_ready.blog_item index: href_1 dup key: { href: "https://techblog.woowahan.com/10645/" }
2023-03-21 13:43:26 error: [Baemin] MongoServerError: E11000 duplicate key error collection: be_ready.blog_item index: href_1 dup key: { href: "https://techblog.woowahan.com/10430/" }
2023-03-21 13:43:26 error: [Baemin] MongoServerError: E11000 duplicate key error collection: be_ready.blog_item index: href_1 dup key: { href: "https://techblog.woowahan.com/10538/" }
2023-03-21 13:43:26 error: [Baemin] MongoServerError: E11000 duplicate key error collection: be_ready.blog_item index: href_1 dup key: { href: "https://techblog.woowahan.com/10504/" }
2023-03-21 13:43:26 error: [Baemin] MongoServerError: E11000 duplicate key error collection: be_ready.blog_item index: href_1 dup key: { href: "https://techblog.woowahan.com/10291/" }
